<?xml version="1.0" encoding="UTF-8"?>
<testsuite name="calculator_tests" tests="4" skipped="0" failures="0" errors="0" timestamp="2020-04-28T16:53:08" hostname="Lenovo" time="0.039">
  <properties/>
  <testcase name="rekenmachine_min()" classname="calculator_tests" time="0.028"/>
  <testcase name="rekenmachine_delen()" classname="calculator_tests" time="0.001"/>
  <testcase name="rekenmachine_maal()" classname="calculator_tests" time="0.001"/>
  <testcase name="rekenmachine_plus()" classname="calculator_tests" time="0.001"/>
  <system-out><![CDATA[]]></system-out>
  <system-err><![CDATA[]]></system-err>
</testsuite>
